<?xml version="1.0" encoding="UTF-8"?>
<!-- Generated by org.testng.reporters.JUnitReportReporter -->
<testsuite name="example.NewTest" tests="1" time="5.827" ignored="0" failures="0" timestamp="21 Feb 2018 06:46:46 GMT" skipped="0" hostname="michamar-VirtualBox" errors="0">
  <testcase name="SuccesfullLogin" time="5.827" classname="example.NewTest"/>
</testsuite> <!-- example.NewTest -->
