<?xml version="1.0" encoding="UTF-8"?>
<!-- Generated by org.testng.reporters.JUnitReportReporter -->
<testsuite name="example.NewTest" tests="1" time="7.352" ignored="0" failures="0" timestamp="21 Feb 2018 07:31:03 GMT" skipped="0" hostname="michamar-VirtualBox" errors="0">
  <testcase name="SuccesfullLogin" time="7.352" classname="example.NewTest"/>
</testsuite> <!-- example.NewTest -->
