<?xml version="1.0" encoding="UTF-8"?>
<!-- Generated by org.testng.reporters.JUnitReportReporter -->
<testsuite name="example.TC1" tests="1" time="13.215" ignored="0" failures="0" timestamp="22 Feb 2018 06:23:55 GMT" skipped="0" hostname="michamar-VirtualBox" errors="0">
  <testcase name="SuccesfullLogin" time="13.215" classname="example.TC1"/>
</testsuite> <!-- example.TC1 -->
