<?xml version="1.0" encoding="UTF-8"?>
<!-- Generated by org.testng.reporters.JUnitReportReporter -->
<testsuite name="example.TC2" tests="1" time="1.063" ignored="0" failures="0" timestamp="22 Feb 2018 06:54:01 GMT" skipped="0" hostname="michamar-VirtualBox" errors="0">
  <testcase name="UserSeesListOfProductCategories" time="1.063" classname="example.TC2"/>
</testsuite> <!-- example.TC2 -->
